This file contains any messages produced by compilers while
running configure, to aid debugging if configure makes a mistake.

It was created by aztec configure 0.1, which was
generated by GNU Autoconf 2.71.  Invocation command line was

  $ ./configure --no-create --no-recursion

## --------- ##
## Platform. ##
## --------- ##

hostname = odroid
uname -m = aarch64
uname -r = 4.9.337-35
uname -s = Linux
uname -v = #1 SMP PREEMPT Tue Nov 28 17:43:06 UTC 2023

/usr/bin/uname -p = aarch64
/bin/uname -X     = unknown

/bin/arch              = aarch64
/usr/bin/arch -k       = unknown
/usr/convex/getsysinfo = unknown
/usr/bin/hostinfo      = unknown
/bin/machine           = unknown
/usr/bin/oslevel       = unknown
/bin/universe          = unknown

PATH: /home/odroid/.local/bin/
PATH: /home/odroid/.local/bin/
PATH: /usr/local/sbin/
PATH: /usr/local/bin/
PATH: /usr/sbin/
PATH: /usr/bin/
PATH: /sbin/
PATH: /bin/
PATH: /usr/games/
PATH: /usr/local/games/
PATH: /snap/bin/


## ----------- ##
## Core tests. ##
## ----------- ##

configure:2005: looking for aux files: missing install-sh
configure:2018:  trying ./build-aux/
configure:2047:   ./build-aux/missing found
configure:2029:   ./build-aux/install-sh found
configure:2177: checking for a BSD-compatible install
configure:2250: result: /usr/bin/install -c
configure:2261: checking whether build environment is sane
configure:2316: result: yes
configure:2475: checking for a race-free mkdir -p
configure:2519: result: /usr/bin/mkdir -p
configure:2526: checking for gawk
configure:2561: result: no
configure:2526: checking for mawk
configure:2547: found /usr/bin/mawk
configure:2558: result: mawk
configure:2569: checking whether make sets $(MAKE)
configure:2592: result: yes
configure:2622: checking whether make supports nested variables
configure:2640: result: yes
configure:2845: checking for g++
configure:2866: found /usr/bin/g++
configure:2877: result: g++
configure:2904: checking for C++ compiler version
configure:2913: g++ --version >&5
g++ (Ubuntu 11.4.0-1ubuntu1~22.04) 11.4.0
Copyright (C) 2021 Free Software Foundation, Inc.
This is free software; see the source for copying conditions.  There is NO
warranty; not even for MERCHANTABILITY or FITNESS FOR A PARTICULAR PURPOSE.

configure:2924: $? = 0
configure:2913: g++ -v >&5
Using built-in specs.
COLLECT_GCC=g++
COLLECT_LTO_WRAPPER=/usr/lib/gcc/aarch64-linux-gnu/11/lto-wrapper
Target: aarch64-linux-gnu
Configured with: ../src/configure -v --with-pkgversion='Ubuntu 11.4.0-1ubuntu1~22.04' --with-bugurl=file:///usr/share/doc/gcc-11/README.Bugs --enable-languages=c,ada,c++,go,d,fortran,objc,obj-c++,m2 --prefix=/usr --with-gcc-major-version-only --program-suffix=-11 --program-prefix=aarch64-linux-gnu- --enable-shared --enable-linker-build-id --libexecdir=/usr/lib --without-included-gettext --enable-threads=posix --libdir=/usr/lib --enable-nls --enable-bootstrap --enable-clocale=gnu --enable-libstdcxx-debug --enable-libstdcxx-time=yes --with-default-libstdcxx-abi=new --enable-gnu-unique-object --disable-libquadmath --disable-libquadmath-support --enable-plugin --enable-default-pie --with-system-zlib --enable-libphobos-checking=release --with-target-system-zlib=auto --enable-objc-gc=auto --enable-multiarch --enable-fix-cortex-a53-843419 --disable-werror --enable-checking=release --build=aarch64-linux-gnu --host=aarch64-linux-gnu --target=aarch64-linux-gnu --with-build-config=bootstrap-lto-lean --enable-link-serialization=2
Thread model: posix
Supported LTO compression algorithms: zlib zstd
gcc version 11.4.0 (Ubuntu 11.4.0-1ubuntu1~22.04) 
configure:2924: $? = 0
configure:2913: g++ -V >&5
g++: error: unrecognized command-line option '-V'
g++: fatal error: no input files
compilation terminated.
configure:2924: $? = 1
configure:2913: g++ -qversion >&5
g++: error: unrecognized command-line option '-qversion'; did you mean '--version'?
g++: fatal error: no input files
compilation terminated.
configure:2924: $? = 1
configure:2944: checking whether the C++ compiler works
configure:2966: g++    conftest.cpp  >&5
configure:2970: $? = 0
configure:3020: result: yes
configure:3023: checking for C++ compiler default output file name
configure:3025: result: a.out
configure:3031: checking for suffix of executables
configure:3038: g++ -o conftest    conftest.cpp  >&5
configure:3042: $? = 0
configure:3065: result: 
configure:3087: checking whether we are cross compiling
configure:3095: g++ -o conftest    conftest.cpp  >&5
configure:3099: $? = 0
configure:3106: ./conftest
configure:3110: $? = 0
configure:3125: result: no
configure:3130: checking for suffix of object files
configure:3153: g++ -c   conftest.cpp >&5
configure:3157: $? = 0
configure:3179: result: o
configure:3183: checking whether the compiler supports GNU C++
configure:3203: g++ -c   conftest.cpp >&5
configure:3203: $? = 0
configure:3213: result: yes
configure:3224: checking whether g++ accepts -g
configure:3245: g++ -c -g  conftest.cpp >&5
configure:3245: $? = 0
configure:3289: result: yes
configure:3309: checking for g++ option to enable C++11 features
configure:3324: g++  -c -g -O2  conftest.cpp >&5
conftest.cpp: In function 'int main(int, char**)':
conftest.cpp:177:25: warning: empty parentheses were disambiguated as a function declaration [-Wvexing-parse]
  177 |   cxx11test::delegate d2();
      |                         ^~
conftest.cpp:177:25: note: remove parentheses to default-initialize a variable
  177 |   cxx11test::delegate d2();
      |                         ^~
      |                         --
conftest.cpp:177:25: note: or replace parentheses with braces to value-initialize a variable
configure:3324: $? = 0
configure:3342: result: none needed
configure:3409: checking whether make supports the include directive
configure:3424: make -f confmf.GNU && cat confinc.out
make[1]: Entering directory '/home/odroid/PolyITAN/DevOps'
make[1]: Leaving directory '/home/odroid/PolyITAN/DevOps'
this is the am__doit target
configure:3427: $? = 0
configure:3446: result: yes (GNU style)
configure:3472: checking dependency style of g++
configure:3584: result: gcc3
configure:3738: checking that generated files are newer than configure
configure:3744: result: done
configure:3767: creating ./config.status

## ---------------- ##
## Cache variables. ##
## ---------------- ##

ac_cv_cxx_compiler_gnu=yes
ac_cv_env_CCC_set=
ac_cv_env_CCC_value=
ac_cv_env_CPPFLAGS_set=
ac_cv_env_CPPFLAGS_value=
ac_cv_env_CXXFLAGS_set=
ac_cv_env_CXXFLAGS_value=
ac_cv_env_CXX_set=
ac_cv_env_CXX_value=
ac_cv_env_LDFLAGS_set=
ac_cv_env_LDFLAGS_value=
ac_cv_env_LIBS_set=
ac_cv_env_LIBS_value=
ac_cv_env_build_alias_set=
ac_cv_env_build_alias_value=
ac_cv_env_host_alias_set=
ac_cv_env_host_alias_value=
ac_cv_env_target_alias_set=
ac_cv_env_target_alias_value=
ac_cv_objext=o
ac_cv_path_install='/usr/bin/install -c'
ac_cv_path_mkdir=/usr/bin/mkdir
ac_cv_prog_AWK=mawk
ac_cv_prog_ac_ct_CXX=g++
ac_cv_prog_cxx_11=no
ac_cv_prog_cxx_cxx11=
ac_cv_prog_cxx_g=yes
ac_cv_prog_cxx_stdcxx=
ac_cv_prog_make_make_set=yes
am_cv_CXX_dependencies_compiler_type=gcc3
am_cv_make_support_nested_variables=yes

## ----------------- ##
## Output variables. ##
## ----------------- ##

ACLOCAL='${SHELL} '\''/home/odroid/PolyITAN/DevOps/build-aux/missing'\'' aclocal-1.16'
AMDEPBACKSLASH='\'
AMDEP_FALSE='#'
AMDEP_TRUE=''
AMTAR='$${TAR-tar}'
AM_BACKSLASH='\'
AM_DEFAULT_V='$(AM_DEFAULT_VERBOSITY)'
AM_DEFAULT_VERBOSITY='1'
AM_V='$(V)'
AUTOCONF='${SHELL} '\''/home/odroid/PolyITAN/DevOps/build-aux/missing'\'' autoconf'
AUTOHEADER='${SHELL} '\''/home/odroid/PolyITAN/DevOps/build-aux/missing'\'' autoheader'
AUTOMAKE='${SHELL} '\''/home/odroid/PolyITAN/DevOps/build-aux/missing'\'' automake-1.16'
AWK='mawk'
CPPFLAGS=''
CSCOPE='cscope'
CTAGS='ctags'
CXX='g++'
CXXDEPMODE='depmode=gcc3'
CXXFLAGS='-g -O2'
CYGPATH_W='echo'
DEFS='-DPACKAGE_NAME=\"aztec\" -DPACKAGE_TARNAME=\"aztec\" -DPACKAGE_VERSION=\"0.1\" -DPACKAGE_STRING=\"aztec\ 0.1\" -DPACKAGE_BUGREPORT=\"a@yahoo.com\" -DPACKAGE_URL=\"\" -DPACKAGE=\"aztec\" -DVERSION=\"0.1\"'
DEPDIR='.deps'
ECHO_C=''
ECHO_N='-n'
ECHO_T=''
ETAGS='etags'
EXEEXT=''
INSTALL_DATA='${INSTALL} -m 644'
INSTALL_PROGRAM='${INSTALL}'
INSTALL_SCRIPT='${INSTALL}'
INSTALL_STRIP_PROGRAM='$(install_sh) -c -s'
LDFLAGS=''
LIBOBJS=''
LIBS=''
LTLIBOBJS=''
MAKEINFO='${SHELL} '\''/home/odroid/PolyITAN/DevOps/build-aux/missing'\'' makeinfo'
MKDIR_P='/usr/bin/mkdir -p'
OBJEXT='o'
PACKAGE='aztec'
PACKAGE_BUGREPORT='a@yahoo.com'
PACKAGE_NAME='aztec'
PACKAGE_STRING='aztec 0.1'
PACKAGE_TARNAME='aztec'
PACKAGE_URL=''
PACKAGE_VERSION='0.1'
PATH_SEPARATOR=':'
SET_MAKE=''
SHELL='/bin/bash'
STRIP=''
VERSION='0.1'
ac_ct_CXX='g++'
am__EXEEXT_FALSE=''
am__EXEEXT_TRUE='#'
am__fastdepCXX_FALSE='#'
am__fastdepCXX_TRUE=''
am__include='include'
am__isrc=''
am__leading_dot='.'
am__nodep='_no'
am__quote=''
am__tar='$${TAR-tar} chof - "$$tardir"'
am__untar='$${TAR-tar} xf -'
bindir='${exec_prefix}/bin'
build_alias=''
datadir='${datarootdir}'
datarootdir='${prefix}/share'
docdir='${datarootdir}/doc/${PACKAGE_TARNAME}'
dvidir='${docdir}'
exec_prefix='${prefix}'
host_alias=''
htmldir='${docdir}'
includedir='${prefix}/include'
infodir='${datarootdir}/info'
install_sh='${SHELL} /home/odroid/PolyITAN/DevOps/build-aux/install-sh'
libdir='${exec_prefix}/lib'
libexecdir='${exec_prefix}/libexec'
localedir='${datarootdir}/locale'
localstatedir='${prefix}/var'
mandir='${datarootdir}/man'
mkdir_p='$(MKDIR_P)'
oldincludedir='/usr/include'
pdfdir='${docdir}'
prefix='/usr/local'
program_transform_name='s,x,x,'
psdir='${docdir}'
runstatedir='${localstatedir}/run'
sbindir='${exec_prefix}/sbin'
sharedstatedir='${prefix}/com'
sysconfdir='${prefix}/etc'
target_alias=''

## ----------- ##
## confdefs.h. ##
## ----------- ##

/* confdefs.h */
#define PACKAGE_NAME "aztec"
#define PACKAGE_TARNAME "aztec"
#define PACKAGE_VERSION "0.1"
#define PACKAGE_STRING "aztec 0.1"
#define PACKAGE_BUGREPORT "a@yahoo.com"
#define PACKAGE_URL ""
#define PACKAGE "aztec"
#define VERSION "0.1"

configure: exit 0

## ---------------------- ##
## Running config.status. ##
## ---------------------- ##

This file was extended by aztec config.status 0.1, which was
generated by GNU Autoconf 2.71.  Invocation command line was

  CONFIG_FILES    = 
  CONFIG_HEADERS  = 
  CONFIG_LINKS    = 
  CONFIG_COMMANDS = 
  $ ./config.status 

on odroid

config.status:770: creating Makefile
config.status:770: creating tests/Makefile
config.status:942: executing depfiles commands
config.status:1019: cd .       && sed -e '/# am--include-marker/d' Makefile         | make -f - am--depfiles
make[1]: Entering directory '/home/odroid/PolyITAN/DevOps'
make[1]: Nothing to be done for 'am--depfiles'.
make[1]: Leaving directory '/home/odroid/PolyITAN/DevOps'
config.status:1024: $? = 0
config.status:1019: cd tests       && sed -e '/# am--include-marker/d' Makefile         | make -f - am--depfiles
make[1]: Entering directory '/home/odroid/PolyITAN/DevOps/tests'
make[1]: Nothing to be done for 'am--depfiles'.
make[1]: Leaving directory '/home/odroid/PolyITAN/DevOps/tests'
config.status:1024: $? = 0

## ---------------------- ##
## Running config.status. ##
## ---------------------- ##

This file was extended by aztec config.status 0.1, which was
generated by GNU Autoconf 2.71.  Invocation command line was

  CONFIG_FILES    = 
  CONFIG_HEADERS  = 
  CONFIG_LINKS    = 
  CONFIG_COMMANDS = 
  $ ./config.status Makefile depfiles

on odroid

config.status:770: creating Makefile
config.status:942: executing depfiles commands
config.status:1019: cd .       && sed -e '/# am--include-marker/d' Makefile         | make -f - am--depfiles
make[1]: Entering directory '/home/odroid/PolyITAN/DevOps'
make[1]: Nothing to be done for 'am--depfiles'.
make[1]: Leaving directory '/home/odroid/PolyITAN/DevOps'
config.status:1024: $? = 0

## ---------------------- ##
## Running config.status. ##
## ---------------------- ##

This file was extended by aztec config.status 0.1, which was
generated by GNU Autoconf 2.71.  Invocation command line was

  CONFIG_FILES    = 
  CONFIG_HEADERS  = 
  CONFIG_LINKS    = 
  CONFIG_COMMANDS = 
  $ ./config.status Makefile depfiles

on odroid

config.status:770: creating Makefile
config.status:942: executing depfiles commands
config.status:1019: cd .       && sed -e '/# am--include-marker/d' Makefile         | make -f - am--depfiles
make[1]: Entering directory '/home/odroid/PolyITAN/DevOps'
make[1]: Nothing to be done for 'am--depfiles'.
make[1]: Leaving directory '/home/odroid/PolyITAN/DevOps'
config.status:1024: $? = 0

## ---------------------- ##
## Running config.status. ##
## ---------------------- ##

This file was extended by aztec config.status 0.1, which was
generated by GNU Autoconf 2.71.  Invocation command line was

  CONFIG_FILES    = 
  CONFIG_HEADERS  = 
  CONFIG_LINKS    = 
  CONFIG_COMMANDS = 
  $ ./config.status Makefile depfiles

on odroid

config.status:770: creating Makefile
config.status:942: executing depfiles commands
config.status:1019: cd .       && sed -e '/# am--include-marker/d' Makefile         | make -f - am--depfiles
make[1]: Entering directory '/home/odroid/PolyITAN/DevOps'
make[1]: Nothing to be done for 'am--depfiles'.
make[1]: Leaving directory '/home/odroid/PolyITAN/DevOps'
config.status:1024: $? = 0

## ---------------------- ##
## Running config.status. ##
## ---------------------- ##

This file was extended by aztec config.status 0.1, which was
generated by GNU Autoconf 2.71.  Invocation command line was

  CONFIG_FILES    = 
  CONFIG_HEADERS  = 
  CONFIG_LINKS    = 
  CONFIG_COMMANDS = 
  $ ./config.status Makefile depfiles

on odroid

config.status:770: creating Makefile
config.status:942: executing depfiles commands
config.status:1019: cd .       && sed -e '/# am--include-marker/d' Makefile         | make -f - am--depfiles
make[1]: Entering directory '/home/odroid/PolyITAN/DevOps'
make[1]: Nothing to be done for 'am--depfiles'.
make[1]: Leaving directory '/home/odroid/PolyITAN/DevOps'
config.status:1024: $? = 0

## ---------------------- ##
## Running config.status. ##
## ---------------------- ##

This file was extended by aztec config.status 0.1, which was
generated by GNU Autoconf 2.71.  Invocation command line was

  CONFIG_FILES    = 
  CONFIG_HEADERS  = 
  CONFIG_LINKS    = 
  CONFIG_COMMANDS = 
  $ ./config.status Makefile depfiles

on odroid

config.status:770: creating Makefile
config.status:942: executing depfiles commands
config.status:1019: cd .       && sed -e '/# am--include-marker/d' Makefile         | make -f - am--depfiles
make[1]: Entering directory '/home/odroid/PolyITAN/DevOps'
make[1]: Nothing to be done for 'am--depfiles'.
make[1]: Leaving directory '/home/odroid/PolyITAN/DevOps'
config.status:1024: $? = 0
